2021-09-14 15:17:43,293 - INFO: Sonar: OK  - 48.297834396362305
2021-09-14 15:17:43,293 - INFO: ----------------------------------------
2021-09-14 15:17:44,420 - INFO: Sonar: OK  - 46.408772468566895
2021-09-14 15:17:44,420 - INFO: ----------------------------------------
2021-09-14 15:17:45,188 - INFO: Sonar: OK  - 47.067081928253174
2021-09-14 15:17:45,188 - INFO: ----------------------------------------
2021-09-14 15:18:16,791 - INFO: Sonar: OK  - 89.51373100280762
2021-09-14 15:18:16,792 - INFO: ----------------------------------------
2021-09-14 15:18:17,477 - INFO: Sonar: OK  - 55.35932779312134
2021-09-14 15:18:17,478 - INFO: ----------------------------------------
2021-09-14 15:18:18,029 - INFO: Sonar: OK  - 55.50652742385864
2021-09-14 15:18:18,030 - INFO: ----------------------------------------
2021-09-14 15:18:18,560 - INFO: Sonar: OK  - 89.61186408996582
2021-09-14 15:18:18,560 - INFO: ----------------------------------------
2021-09-14 15:18:19,125 - INFO: Sonar: OK  - 55.38794994354248
2021-09-14 15:18:19,125 - INFO: ----------------------------------------
2021-09-14 15:18:19,669 - INFO: Sonar: OK  - 55.26528358459473
2021-09-14 15:18:19,669 - INFO: ----------------------------------------
2021-09-14 15:18:20,213 - INFO: Sonar: OK  - 55.27346134185791
2021-09-14 15:18:20,213 - INFO: ----------------------------------------
2021-09-14 15:18:20,845 - INFO: Sonar: OK  - 55.26937246322632
2021-09-14 15:18:20,845 - INFO: ----------------------------------------
2021-09-14 15:18:21,740 - INFO: Sonar: OK  - 55.23257255554199
2021-09-14 15:18:21,740 - INFO: ----------------------------------------
2021-09-14 15:18:22,469 - INFO: Sonar: OK  - 61.177802085876465
2021-09-14 15:18:22,469 - INFO: ----------------------------------------
2021-09-14 15:18:26,108 - INFO: Sonar: OK  - 55.22439479827881
2021-09-14 15:18:26,108 - INFO: ----------------------------------------
2021-09-14 15:18:26,725 - INFO: Sonar: OK  - 89.54644203186035
2021-09-14 15:18:26,725 - INFO: ----------------------------------------
2021-09-14 15:18:34,334 - INFO: Sonar: OK  - 5.0824761390686035
2021-09-14 15:18:34,335 - INFO: ----------------------------------------
2021-09-14 15:18:34,887 - INFO: Sonar: OK  - 5.683541297912598
2021-09-14 15:18:34,887 - INFO: ----------------------------------------
2021-09-14 15:18:35,487 - INFO: Sonar: OK  - 5.691719055175781
2021-09-14 15:18:35,487 - INFO: ----------------------------------------
2021-09-14 15:18:36,255 - INFO: Sonar: OK  - 17.50040054321289
2021-09-14 15:18:36,256 - INFO: ----------------------------------------
2021-09-14 15:18:37,199 - INFO: Sonar: OK  - 18.759775161743164
2021-09-14 15:18:37,199 - INFO: ----------------------------------------
2021-09-14 15:18:38,598 - INFO: Sonar: OK  - 3.908967971801758
2021-09-14 15:18:38,598 - INFO: ----------------------------------------
2021-09-14 15:18:39,310 - INFO: Sonar: OK  - 2.436971664428711
2021-09-14 15:18:39,310 - INFO: ----------------------------------------
2021-09-14 15:18:40,437 - INFO: Sonar: OK  - 2.7109265327453613
2021-09-14 15:18:40,438 - INFO: ----------------------------------------
2021-09-14 15:18:41,598 - INFO: Sonar: OK  - 4.493677616119385
2021-09-14 15:18:41,598 - INFO: ----------------------------------------
2021-09-14 15:18:42,749 - INFO: Sonar: OK  - 3.2097697257995605
2021-09-14 15:18:42,749 - INFO: ----------------------------------------
2021-09-14 15:18:43,693 - INFO: Sonar: OK  - 3.5777688026428223
2021-09-14 15:18:43,693 - INFO: ----------------------------------------
2021-09-14 15:18:44,540 - INFO: Sonar: OK  - 6.243717670440674
2021-09-14 15:18:44,540 - INFO: ----------------------------------------
2021-09-14 15:18:45,356 - INFO: Sonar: OK  - 1.5455961227416992
2021-09-14 15:18:45,356 - INFO: ----------------------------------------
2021-09-14 15:18:48,116 - INFO: Sonar: OK  - 4.182922840118408
2021-09-14 15:18:48,116 - INFO: ----------------------------------------
2021-09-14 15:18:49,260 - INFO: Sonar: OK  - 4.50594425201416
2021-09-14 15:18:49,260 - INFO: ----------------------------------------
2021-09-14 15:18:51,628 - INFO: Sonar: OK  - 8.627533912658691
2021-09-14 15:18:51,628 - INFO: ----------------------------------------
2021-09-14 15:18:52,395 - INFO: Sonar: OK  - 13.321566581726074
2021-09-14 15:18:52,395 - INFO: ----------------------------------------
2021-09-14 15:18:53,211 - INFO: Sonar: OK  - 18.77613067626953
2021-09-14 15:18:53,212 - INFO: ----------------------------------------
2021-09-14 15:18:53,948 - INFO: Sonar: OK  - 24.815404415130615
2021-09-14 15:18:53,948 - INFO: ----------------------------------------
2021-09-14 15:18:54,852 - INFO: Sonar: OK  - 28.5117506980896
2021-09-14 15:18:54,853 - INFO: ----------------------------------------
2021-09-14 15:18:55,580 - INFO: Sonar: OK  - 32.67422914505005
2021-09-14 15:18:55,580 - INFO: ----------------------------------------
2021-09-14 15:18:56,437 - INFO: Sonar: OK  - 40.995097160339355
2021-09-14 15:18:56,437 - INFO: ----------------------------------------
2021-09-14 15:18:57,397 - INFO: Sonar: OK  - 44.22122240066528
2021-09-14 15:18:57,397 - INFO: ----------------------------------------
2021-09-14 15:18:58,036 - INFO: Sonar: OK  - 47.51276969909668
2021-09-14 15:18:58,036 - INFO: ----------------------------------------
2021-09-14 15:18:58,796 - INFO: Sonar: OK  - 48.29374551773071
2021-09-14 15:18:58,796 - INFO: ----------------------------------------
2021-09-14 15:18:59,380 - INFO: Sonar: OK  - 47.888946533203125
2021-09-14 15:18:59,381 - INFO: ----------------------------------------
2021-09-14 15:19:00,669 - INFO: Sonar: OK  - 70.83982229232788
2021-09-14 15:19:00,669 - INFO: ----------------------------------------
2021-09-14 15:19:01,340 - INFO: Sonar: OK  - 55.2775502204895
2021-09-14 15:19:01,345 - INFO: ----------------------------------------
2021-09-14 15:19:02,024 - INFO: Sonar: OK  - 72.55715131759644
2021-09-14 15:19:02,025 - INFO: ----------------------------------------
2021-09-14 15:19:02,891 - INFO: Sonar: OK  - 56.95807933807373
2021-09-14 15:19:02,892 - INFO: ----------------------------------------
2021-09-14 15:19:03,937 - INFO: Sonar: OK  - 15.22289514541626
2021-09-14 15:19:03,938 - INFO: ----------------------------------------
2021-09-14 15:19:04,729 - INFO: Sonar: OK  - 9.187710285186768
2021-09-14 15:19:04,729 - INFO: ----------------------------------------
2021-09-14 15:19:05,352 - INFO: Sonar: OK  - 4.493677616119385
2021-09-14 15:19:05,352 - INFO: ----------------------------------------
2021-09-14 15:19:06,040 - INFO: Sonar: OK  - 4.174745082855225
2021-09-14 15:19:06,040 - INFO: ----------------------------------------
2021-09-14 15:19:06,816 - INFO: Sonar: OK  - 5.6876301765441895
2021-09-14 15:19:06,816 - INFO: ----------------------------------------
2021-09-14 15:19:07,520 - INFO: Sonar: OK  - 3.2915472984313965
2021-09-14 15:19:07,520 - INFO: ----------------------------------------
2021-09-14 15:19:08,087 - INFO: Sonar: OK  - 4.170656204223633
2021-09-14 15:19:08,087 - INFO: ----------------------------------------
2021-09-14 15:19:09,047 - INFO: Sonar: OK  - 4.207456111907959
2021-09-14 15:19:09,048 - INFO: ----------------------------------------
2021-09-14 15:19:09,882 - INFO: Sonar: OK  - 50.8411169052124
2021-09-14 15:19:09,882 - INFO: ----------------------------------------
2021-09-14 15:37:32,602 - INFO: Módulo RFID: False
2021-09-14 15:37:34,852 - INFO: Módulo RFID: False
2021-09-14 15:37:37,202 - INFO: Módulo RFID: False
2021-09-14 15:37:38,619 - INFO: Módulo RFID: False
2021-09-14 15:37:39,787 - INFO: Módulo RFID: False
2021-09-14 15:37:40,650 - INFO: Módulo RFID: False
2021-09-14 15:37:41,370 - INFO: Módulo RFID: False
2021-09-14 15:37:41,892 - INFO: Módulo RFID: False
2021-09-14 15:37:43,137 - INFO: Módulo RFID: False
2021-09-14 15:37:44,075 - INFO: Módulo RFID: False
2021-09-14 15:37:44,876 - INFO: Módulo RFID: False
2021-09-14 15:37:45,586 - INFO: Módulo RFID: False
2021-09-14 15:37:49,766 - INFO: Módulo RFID: False
2021-09-14 15:37:50,583 - INFO: Módulo RFID: False
2021-09-14 15:37:51,975 - INFO: Módulo RFID: False
2021-09-14 15:37:52,722 - INFO: Módulo RFID: False
2021-09-14 15:37:53,702 - INFO: Módulo RFID: False
2021-09-14 15:38:02,325 - INFO: Módulo RFID: False
2021-09-14 15:38:03,038 - INFO: Módulo RFID: False
2021-09-14 15:38:03,996 - INFO: Módulo RFID: False
2021-09-14 15:38:06,091 - INFO: Módulo RFID: False
2021-09-14 15:38:07,923 - INFO: Módulo RFID: False
2021-09-14 15:38:13,356 - INFO: Módulo RFID: False
2021-09-14 15:38:14,817 - INFO: Módulo RFID: False
2021-09-14 15:38:16,409 - INFO: Módulo RFID: False
2021-09-14 15:38:17,636 - INFO: Módulo RFID: False
2021-09-14 15:38:19,242 - INFO: Módulo RFID: False
2021-09-14 15:38:20,722 - INFO: Módulo RFID: False
2021-09-14 15:38:21,489 - INFO: Módulo RFID: False
2021-09-14 15:39:38,662 - INFO: Conexao Wifi: True
2021-09-14 15:39:38,894 - INFO: Conexao com a internet: True
2021-09-14 15:39:55,659 - INFO: Sonar: OK  - 34.95991230010986
2021-09-14 15:39:55,660 - INFO: ----------------------------------------
2021-09-14 15:40:06,198 - INFO: Sonar: OK  - 3.606390953063965
2021-09-14 15:40:06,199 - INFO: ----------------------------------------
2021-09-14 15:40:21,472 - INFO: Módulo RFID: False
2021-09-14 15:47:52,508 - INFO: Módulo RFID: False
2021-09-14 15:50:41,679 - INFO: Módulo RFID: False
2021-09-14 15:50:43,350 - INFO: Módulo RFID: False
2021-09-14 15:50:44,398 - INFO: Módulo RFID: False
2021-09-14 15:50:45,447 - INFO: Módulo RFID: 65d55f54
2021-09-14 15:50:46,661 - INFO: Módulo RFID: False
2021-09-14 15:50:48,548 - INFO: Módulo RFID: False
2021-09-14 15:50:49,392 - INFO: Módulo RFID: 65d55f54
2021-09-14 15:50:53,269 - INFO: Módulo RFID: False
2021-09-14 15:50:54,339 - INFO: Módulo RFID: False
2021-09-14 15:50:54,900 - INFO: Módulo RFID: False
2021-09-14 15:50:55,692 - INFO: Módulo RFID: False
2021-09-14 15:50:56,380 - INFO: Módulo RFID: False
2021-09-14 15:50:57,186 - INFO: Módulo RFID: False
2021-09-14 15:50:57,875 - INFO: Módulo RFID: False
2021-09-14 15:50:58,622 - INFO: Módulo RFID: 65d55f54
2021-09-14 15:50:59,820 - INFO: Módulo RFID: 65d55f54
2021-09-14 15:51:00,502 - INFO: Módulo RFID: 65d55f54
2021-09-14 15:51:01,474 - INFO: Módulo RFID: False
2021-09-14 15:51:02,371 - INFO: Módulo RFID: 65d55f54
2021-09-14 15:51:36,703 - INFO: Módulo RFID: False
2021-09-14 15:51:38,528 - INFO: Módulo RFID: False
2021-09-14 15:51:39,472 - INFO: Módulo RFID: False
2021-09-14 15:51:48,063 - INFO: Módulo RFID: 65d55f54
2021-09-14 15:51:51,190 - INFO: Módulo RFID: 65d55f54
2021-09-14 15:51:52,128 - INFO: Módulo RFID: 65d55f54
2021-09-14 15:51:53,485 - INFO: Módulo RFID: 65d55f54
2021-09-14 15:51:54,826 - INFO: Módulo RFID: 65d55f54
2021-09-14 15:52:53,522 - INFO: Módulo RFID: False
2021-09-14 15:53:00,146 - INFO: Módulo RFID: False
2021-09-14 15:53:02,827 - INFO: Módulo RFID: 65d55f54
2021-09-15 16:52:08,429 - INFO: Touch Screen funcionou
2021-09-15 16:52:54,261 - INFO: Conexao serial do GPS: False
2021-09-15 16:53:04,275 - INFO: Localizacao do GPS: None
2021-09-15 17:37:07,177 - INFO: Conexao da Camera: False
2021-09-15 17:37:07,225 - INFO: Conexao da Camera: False
2021-09-15 17:37:07,253 - INFO: Conexao da Camera: False
2021-09-15 17:37:07,289 - INFO: Conexao da Camera: False
2021-09-15 17:37:07,321 - INFO: Conexao da Camera: False
2021-09-15 17:37:07,352 - INFO: Conexao da Camera: False
2021-09-15 17:37:51,726 - INFO: Buzzer funcionou
2021-09-15 17:51:49,920 - INFO: Conexao serial do GPS: False
2021-09-15 17:51:59,927 - INFO: Localizacao do GPS: None
2021-09-15 17:52:59,226 - INFO: Conexao da Camera: False
2021-09-15 17:52:59,296 - INFO: Conexao da Camera: False
2021-09-15 17:53:57,072 - INFO: Buzzer funcionou
2021-09-15 18:08:55,455 - INFO: Conexao da Camera: True
2021-09-15 18:09:21,453 - INFO: Conexao da Camera: True
2021-09-15 18:11:57,492 - INFO: Conexao da Camera: True
2021-09-16 09:45:36,331 - INFO: Conexao serial do GPS: False
2021-09-16 09:45:46,346 - INFO: Localizacao do GPS: None
2021-09-16 09:45:58,574 - INFO: Conexao da Camera: True
2021-09-16 09:46:10,127 - INFO: Buzzer funcionou
2021-09-16 09:46:19,599 - INFO: Conexao Wifi: True
2021-09-16 09:46:19,765 - INFO: Conexao com a internet: True
2021-09-16 09:46:29,099 - INFO: Sonar: OK  - 28.250062465667725
2021-09-16 09:46:29,099 - INFO: ----------------------------------------
2021-09-16 09:46:30,314 - INFO: Sonar: OK  - 27.117443084716797
2021-09-16 09:46:30,315 - INFO: ----------------------------------------
2021-09-16 09:46:31,002 - INFO: Sonar: OK  - 31.639742851257324
2021-09-16 09:46:31,002 - INFO: ----------------------------------------
2021-09-16 09:46:31,538 - INFO: Sonar: OK  - 31.938230991363525
2021-09-16 09:46:31,538 - INFO: ----------------------------------------
